<?xml version="1.0"?>
<component name="org.nuxeo.runtime.codec.tests.contrib">

  <extension target="org.nuxeo.runtime.codec.service" point="codec">

    <codec name="default" class="org.nuxeo.runtime.codec.SerializableCodecFactory" />

    <codec name="avro" class="org.nuxeo.runtime.codec.AvroCodecFactory">
      <option name="encoding">message</option>
    </codec>

    <codec name="avroBinary" class="org.nuxeo.runtime.codec.AvroCodecFactory">
      <option name="encoding">binary</option>
    </codec>

    <codec name="avroJson" class="org.nuxeo.runtime.codec.AvroCodecFactory">
      <option name="encoding">json</option>
    </codec>

  </extension>

</component>
